<?xml version="1.0" encoding="UTF-8"?>
<testsuite xmlns:xsi="http://www.w3.org/2001/XMLSchema-instance" xsi:noNamespaceSchemaLocation="https://maven.apache.org/surefire/maven-surefire-plugin/xsd/surefire-test-report-3.0.xsd" version="3.0" name="com.pnlengine.equities.engine.PositionEngineTest" time="0.025" tests="6" errors="0" skipped="0" failures="0">
  <properties>
[...]
</properties>
  <testcase name="testCommissionImpact" classname="com.pnlengine.equities.engine.PositionEngineTest" time="0.0"/>
  <testcase name="testPartialLiquidationFIFO" classname="com.pnlengine.equities.engine.PositionEngineTest" time="0.005"/>
  <testcase name="testSimpleAccumulation(LotMatchingStrategy)[1]" classname="com.pnlengine.equities.engine.PositionEngineTest" time="0.005"/>
  <testcase name="testSimpleAccumulation(LotMatchingStrategy)[2]" classname="com.pnlengine.equities.engine.PositionEngineTest" time="0.0"/>
  <testcase name="testCrossZeroPosition(LotMatchingStrategy)[1]" classname="com.pnlengine.equities.engine.PositionEngineTest" time="0.0"/>
  <testcase name="testCrossZeroPosition(LotMatchingStrategy)[2]" classname="com.pnlengine.equities.engine.PositionEngineTest" time="0.0"/>
</testsuite>